/home/nyan/.local/share/JetBrains/Toolbox/apps/clion/bin/cmake/linux/x64/bin/cmake -DCMAKE_BUILD_TYPE=Debug -DCMAKE_C_COMPILER=/bin/arm-none-eabi-gcc -DCMAKE_TOOLCHAIN_FILE=/home/nyan/PlaydateSDK/C_API/buildsupport/arm.cmake -DCMAKE_BUILD_TYPE=Debug -S /home/nyan/projects/pet/deflect -B /home/nyan/projects/pet/deflect/cmake-build-debug-device
-- arm.cmake loaded
-- SDK Path: /home/nyan/PlaydateSDK
-- Configuring done (0.1s)
You have changed variables that require your cache to be deleted.
Configure will be re-run and you may have to reset some variables.
The following variables have changed:
CMAKE_C_COMPILER= /bin/arm-none-eabi-gcc

-- The C compiler identification is GNU 14.2.0
-- The ASM compiler identification is GNU
-- Found assembler: /bin/arm-none-eabi-gcc
-- Detecting C compiler ABI info
-- Detecting C compiler ABI info - failed
-- Check for working C compiler: /bin/arm-none-eabi-gcc
-- Check for working C compiler: /bin/arm-none-eabi-gcc - broken
CMake Error at /home/nyan/.local/share/JetBrains/Toolbox/apps/clion/bin/cmake/linux/x64/share/cmake-3.30/Modules/CMakeTestCCompiler.cmake:67 (message):
  The C compiler

    "/bin/arm-none-eabi-gcc"

  is not able to compile a simple test program.

  It fails with the following output:

    Change Dir: '/home/nyan/projects/pet/deflect/cmake-build-debug-device/CMakeFiles/CMakeScratch/TryCompile-HhxZ0a'
    
    Run Build Command(s): /home/nyan/.local/share/JetBrains/Toolbox/apps/clion/bin/cmake/linux/x64/bin/cmake -E env VERBOSE=1 /usr/bin/make -f Makefile cmTC_9c3af/fast
    /usr/bin/make  -f CMakeFiles/cmTC_9c3af.dir/build.make CMakeFiles/cmTC_9c3af.dir/build
    make[1]: Entering directory '/home/nyan/projects/pet/deflect/cmake-build-debug-device/CMakeFiles/CMakeScratch/TryCompile-HhxZ0a'
    Building C object CMakeFiles/cmTC_9c3af.dir/testCCompiler.c.obj
    /bin/arm-none-eabi-gcc   -std=gnu11 -fdiagnostics-color=always -o CMakeFiles/cmTC_9c3af.dir/testCCompiler.c.obj -c /home/nyan/projects/pet/deflect/cmake-build-debug-device/CMakeFiles/CMakeScratch/TryCompile-HhxZ0a/testCCompiler.c
    Linking C executable cmTC_9c3af
    /home/nyan/.local/share/JetBrains/Toolbox/apps/clion/bin/cmake/linux/x64/bin/cmake -E cmake_link_script CMakeFiles/cmTC_9c3af.dir/link.txt --verbose=1
    /bin/arm-none-eabi-gcc CMakeFiles/cmTC_9c3af.dir/testCCompiler.c.obj -o cmTC_9c3af
    /usr/lib/gcc/arm-none-eabi/14.2.0/../../../../arm-none-eabi/bin/ld: /usr/lib/gcc/arm-none-eabi/14.2.0/../../../../arm-none-eabi/lib/libc.a(libc_a-exit.o): in function `exit':
    /build/arm-none-eabi-newlib/src/build-newlib/arm-none-eabi/newlib/../../../newlib-4.5.0.20241231/newlib/libc/stdlib/exit.c:65:(.text.exit+0x28): undefined reference to `_exit'
    /usr/lib/gcc/arm-none-eabi/14.2.0/../../../../arm-none-eabi/bin/ld: /usr/lib/gcc/arm-none-eabi/14.2.0/../../../../arm-none-eabi/lib/libc.a(libc_a-closer.o): in function `_close_r':
    /build/arm-none-eabi-newlib/src/build-newlib/arm-none-eabi/newlib/../../../newlib-4.5.0.20241231/newlib/libc/reent/closer.c:47:(.text._close_r+0x18): undefined reference to `_close'
    /usr/lib/gcc/arm-none-eabi/14.2.0/../../../../arm-none-eabi/bin/ld: /usr/lib/gcc/arm-none-eabi/14.2.0/../../../../arm-none-eabi/lib/libc.a(libc_a-lseekr.o): in function `_lseek_r':
    /build/arm-none-eabi-newlib/src/build-newlib/arm-none-eabi/newlib/../../../newlib-4.5.0.20241231/newlib/libc/reent/lseekr.c:49:(.text._lseek_r+0x24): undefined reference to `_lseek'
    /usr/lib/gcc/arm-none-eabi/14.2.0/../../../../arm-none-eabi/bin/ld: /usr/lib/gcc/arm-none-eabi/14.2.0/../../../../arm-none-eabi/lib/libc.a(libc_a-readr.o): in function `_read_r':
    /build/arm-none-eabi-newlib/src/build-newlib/arm-none-eabi/newlib/../../../newlib-4.5.0.20241231/newlib/libc/reent/readr.c:49:(.text._read_r+0x24): undefined reference to `_read'
    /usr/lib/gcc/arm-none-eabi/14.2.0/../../../../arm-none-eabi/bin/ld: /usr/lib/gcc/arm-none-eabi/14.2.0/../../../../arm-none-eabi/lib/libc.a(libc_a-writer.o): in function `_write_r':
    /build/arm-none-eabi-newlib/src/build-newlib/arm-none-eabi/newlib/../../../newlib-4.5.0.20241231/newlib/libc/reent/writer.c:49:(.text._write_r+0x24): undefined reference to `_write'
    /usr/lib/gcc/arm-none-eabi/14.2.0/../../../../arm-none-eabi/bin/ld: /usr/lib/gcc/arm-none-eabi/14.2.0/../../../../arm-none-eabi/lib/libc.a(libc_a-sbrkr.o): in function `_sbrk_r':
    /build/arm-none-eabi-newlib/src/build-newlib/arm-none-eabi/newlib/../../../newlib-4.5.0.20241231/newlib/libc/reent/sbrkr.c:51:(.text._sbrk_r+0x18): undefined reference to `_sbrk'
    collect2: error: ld returned 1 exit status
    make[1]: *** [CMakeFiles/cmTC_9c3af.dir/build.make:99: cmTC_9c3af] Error 1
    make[1]: Leaving directory '/home/nyan/projects/pet/deflect/cmake-build-debug-device/CMakeFiles/CMakeScratch/TryCompile-HhxZ0a'
    make: *** [Makefile:127: cmTC_9c3af/fast] Error 2
    
    

  

  CMake will not be able to correctly generate this project.
Call Stack (most recent call first):
  CMakeLists.txt:29 (project)


-- Configuring incomplete, errors occurred!
